This is pdfTeX, Version 3.1415926-2.5-1.40.14 (TeX Live 2013) (format=pdflatex 2014.3.17)  8 AUG 2014 15:08
entering extended mode
 restricted \write18 enabled.
 file:line:error style messages enabled.
 %&-line parsing enabled.
**GV.tex
(./GV.tex
LaTeX2e <2011/06/27>
Babel <3.9f> and hyphenation patterns for 78 languages loaded.
(./mn2e.cls
Document Class: mn2e 2001/02/06 v2.2 LaTeX2e MN document class
Document Style `MN' v2.2, released 2001 February 20
\math@groups=\toks14
LaTeX Font Info:    Overwriting symbol font `symbols' in version `bold'
(Font)                  OMS/cmsy/b/n --> OMS/cmsy/b/n on input line 223.
\symbmisymbols=\mathgroup4
\symUPM=\mathgroup5
LaTeX Font Info:    Overwriting symbol font `UPM' in version `bold'
(Font)                  U/eur/m/n --> U/eur/b/n on input line 260.
\symAMSa=\mathgroup6
\SFB@measure=\dimen102
\realparindent=\skip41
\c@part=\count79
\c@section=\count80
\c@subsection=\count81
\c@subsubsection=\count82
\c@paragraph=\count83
\c@subparagraph=\count84
\@indentskip=\skip42
\smallindent=\skip43
\@footindent=\skip44
\@leftskip=\skip45
\c@dummy=\count85
(/usr/local/texlive/2013/texmf-dist/tex/latex/natbib/natbib.sty
Package: natbib 2010/09/13 8.31b (PWD, AO)
\bibhang=\skip46
\bibsep=\skip47
LaTeX Info: Redefining \cite on input line 694.
\c@NAT@ctr=\count86
)
\c@table=\count87
\c@figure=\count88
\mathindent=\dimen103
)
(/usr/local/texlive/2013/texmf-dist/tex/latex/mdwtools/footnote.sty
Package: footnote 1997/01/28 1.13 Save footnotes around boxes
\fn@notes=\box26
\fn@width=\dimen104
)
(/usr/local/texlive/2013/texmf-dist/tex/latex/graphics/graphicx.sty
Package: graphicx 1999/02/16 v1.0f Enhanced LaTeX Graphics (DPC,SPQR)

(/usr/local/texlive/2013/texmf-dist/tex/latex/graphics/keyval.sty
Package: keyval 1999/03/16 v1.13 key=value parser (DPC)
\KV@toks@=\toks15
)
(/usr/local/texlive/2013/texmf-dist/tex/latex/graphics/graphics.sty
Package: graphics 2009/02/05 v1.0o Standard LaTeX Graphics (DPC,SPQR)

(/usr/local/texlive/2013/texmf-dist/tex/latex/graphics/trig.sty
Package: trig 1999/03/16 v1.09 sin cos tan (DPC)
)
(/usr/local/texlive/2013/texmf-dist/tex/latex/latexconfig/graphics.cfg
File: graphics.cfg 2010/04/23 v1.9 graphics configuration of TeX Live
)
Package graphics Info: Driver file: pdftex.def on input line 91.

(/usr/local/texlive/2013/texmf-dist/tex/latex/pdftex-def/pdftex.def
File: pdftex.def 2011/05/27 v0.06d Graphics/color for pdfTeX

(/usr/local/texlive/2013/texmf-dist/tex/generic/oberdiek/infwarerr.sty
Package: infwarerr 2010/04/08 v1.3 Providing info/warning/error messages (HO)
)
(/usr/local/texlive/2013/texmf-dist/tex/generic/oberdiek/ltxcmds.sty
Package: ltxcmds 2011/11/09 v1.22 LaTeX kernel commands for general use (HO)
)
\Gread@gobject=\count89
))
\Gin@req@height=\dimen105
\Gin@req@width=\dimen106
)
(/usr/local/texlive/2013/texmf-dist/tex/latex/amsmath/amsmath.sty
Package: amsmath 2013/01/14 v2.14 AMS math features
\@mathmargin=\skip48

For additional information on amsmath, use the `?' option.
(/usr/local/texlive/2013/texmf-dist/tex/latex/amsmath/amstext.sty
Package: amstext 2000/06/29 v2.01

(/usr/local/texlive/2013/texmf-dist/tex/latex/amsmath/amsgen.sty
File: amsgen.sty 1999/11/30 v2.0
\@emptytoks=\toks16
\ex@=\dimen107
))
(/usr/local/texlive/2013/texmf-dist/tex/latex/amsmath/amsbsy.sty
Package: amsbsy 1999/11/29 v1.2d
\pmbraise@=\dimen108
)
(/usr/local/texlive/2013/texmf-dist/tex/latex/amsmath/amsopn.sty
Package: amsopn 1999/12/14 v2.01 operator names
)
\inf@bad=\count90
LaTeX Info: Redefining \frac on input line 210.
\uproot@=\count91
\leftroot@=\count92
LaTeX Info: Redefining \overline on input line 306.
\classnum@=\count93
\DOTSCASE@=\count94
LaTeX Info: Redefining \ldots on input line 378.
LaTeX Info: Redefining \dots on input line 381.
LaTeX Info: Redefining \cdots on input line 466.
\Mathstrutbox@=\box27
\strutbox@=\box28
\big@size=\dimen109
LaTeX Font Info:    Redeclaring font encoding OML on input line 566.
LaTeX Font Info:    Redeclaring font encoding OMS on input line 567.
\macc@depth=\count95
\c@MaxMatrixCols=\count96
\dotsspace@=\muskip10
\c@parentequation=\count97
\dspbrk@lvl=\count98
\tag@help=\toks17
\row@=\count99
\column@=\count100
\maxfields@=\count101
\andhelp@=\toks18
\eqnshift@=\dimen110
\alignsep@=\dimen111
\tagshift@=\dimen112
\tagwidth@=\dimen113
\totwidth@=\dimen114
\lineht@=\dimen115
\@envbody=\toks19
\multlinegap=\skip49
\multlinetaggap=\skip50
\mathdisplay@stack=\toks20
LaTeX Info: Redefining \[ on input line 2665.
LaTeX Info: Redefining \] on input line 2666.
)
(/usr/local/texlive/2013/texmf-dist/tex/latex/tools/array.sty
Package: array 2008/09/09 v2.4c Tabular extension package (FMi)
\col@sep=\dimen116
\extrarowheight=\dimen117
\NC@list=\toks21
\extratabsurround=\skip51
\backup@length=\skip52
)
(/usr/local/texlive/2013/texmf-dist/tex/latex/graphics/color.sty
Package: color 2005/11/14 v1.0j Standard LaTeX Color (DPC)

(/usr/local/texlive/2013/texmf-dist/tex/latex/latexconfig/color.cfg
File: color.cfg 2007/01/18 v1.5 color configuration of teTeX/TeXLive
)
Package color Info: Driver file: pdftex.def on input line 130.
)
(/usr/local/texlive/2013/texmf-dist/tex/latex/url/url.sty
\Urlmuskip=\muskip11
Package: url 2006/04/12  ver 3.3  Verb mode for urls, etc.
) (./GV.aux

LaTeX Warning: Label `sfh' multiply defined.

)
\openout1 = `GV.aux'.

LaTeX Font Info:    Checking defaults for OML/cmm/m/it on input line 20.
LaTeX Font Info:    ... okay on input line 20.
LaTeX Font Info:    Checking defaults for T1/cmr/m/n on input line 20.
LaTeX Font Info:    ... okay on input line 20.
LaTeX Font Info:    Checking defaults for OT1/cmr/m/n on input line 20.
LaTeX Font Info:    ... okay on input line 20.
LaTeX Font Info:    Checking defaults for OMS/cmsy/m/n on input line 20.
LaTeX Font Info:    ... okay on input line 20.
LaTeX Font Info:    Checking defaults for OMX/cmex/m/n on input line 20.
LaTeX Font Info:    ... okay on input line 20.
LaTeX Font Info:    Checking defaults for U/cmr/m/n on input line 20.
LaTeX Font Info:    ... okay on input line 20.
 (/usr/local/texlive/2013/texmf-dist/tex/context/base/supp-pdf.mkii
[Loading MPS to PDF converter (version 2006.09.02).]
\scratchcounter=\count102
\scratchdimen=\dimen118
\scratchbox=\box29
\nofMPsegments=\count103
\nofMParguments=\count104
\everyMPshowfont=\toks22
\MPscratchCnt=\count105
\MPscratchDim=\dimen119
\MPnumerator=\count106
\makeMPintoPDFobject=\count107
\everyMPtoPDFconversion=\toks23
) (/usr/local/texlive/2013/texmf-dist/tex/generic/oberdiek/pdftexcmds.sty
Package: pdftexcmds 2011/11/29 v0.20 Utility functions of pdfTeX for LuaTeX (HO
)

(/usr/local/texlive/2013/texmf-dist/tex/generic/oberdiek/ifluatex.sty
Package: ifluatex 2010/03/01 v1.3 Provides the ifluatex switch (HO)
Package ifluatex Info: LuaTeX not detected.
)
(/usr/local/texlive/2013/texmf-dist/tex/generic/oberdiek/ifpdf.sty
Package: ifpdf 2011/01/30 v2.3 Provides the ifpdf switch (HO)
Package ifpdf Info: pdfTeX in PDF mode is detected.
)
Package pdftexcmds Info: LuaTeX not detected.
Package pdftexcmds Info: \pdf@primitive is available.
Package pdftexcmds Info: \pdf@ifprimitive is available.
Package pdftexcmds Info: \pdfdraftmode found.
)
(/usr/local/texlive/2013/texmf-dist/tex/latex/oberdiek/epstopdf-base.sty
Package: epstopdf-base 2010/02/09 v2.5 Base part for package epstopdf

(/usr/local/texlive/2013/texmf-dist/tex/latex/oberdiek/grfext.sty
Package: grfext 2010/08/19 v1.1 Manage graphics extensions (HO)

(/usr/local/texlive/2013/texmf-dist/tex/generic/oberdiek/kvdefinekeys.sty
Package: kvdefinekeys 2011/04/07 v1.3 Define keys (HO)
))
(/usr/local/texlive/2013/texmf-dist/tex/latex/oberdiek/kvoptions.sty
Package: kvoptions 2011/06/30 v3.11 Key value format for package options (HO)

(/usr/local/texlive/2013/texmf-dist/tex/generic/oberdiek/kvsetkeys.sty
Package: kvsetkeys 2012/04/25 v1.16 Key value parser (HO)

(/usr/local/texlive/2013/texmf-dist/tex/generic/oberdiek/etexcmds.sty
Package: etexcmds 2011/02/16 v1.5 Avoid name clashes with e-TeX commands (HO)
Package etexcmds Info: Could not find \expanded.
(etexcmds)             That can mean that you are not using pdfTeX 1.50 or
(etexcmds)             that some package has redefined \expanded.
(etexcmds)             In the latter case, load this package earlier.
)))
Package grfext Info: Graphics extension search list:
(grfext)             [.png,.pdf,.jpg,.mps,.jpeg,.jbig2,.jb2,.PNG,.PDF,.JPG,.JPE
G,.JBIG2,.JB2,.eps]
(grfext)             \AppendGraphicsExtensions on input line 452.

(/usr/local/texlive/2013/texmf-dist/tex/latex/latexconfig/epstopdf-sys.cfg
File: epstopdf-sys.cfg 2010/07/13 v1.3 Configuration of (r)epstopdf for TeX Liv
e
))
LaTeX Font Info:    Try loading font information for U+eur on input line 33.

(/usr/local/texlive/2013/texmf-dist/tex/latex/amsfonts/ueur.fd
File: ueur.fd 2013/01/14 v3.01 Euler Roman
)
LaTeX Font Info:    Try loading font information for U+msa on input line 33.

(/usr/local/texlive/2013/texmf-dist/tex/latex/amsfonts/umsa.fd
File: umsa.fd 2013/01/14 v3.01 AMS symbols A
)
Overfull \hbox (22.02959pt too wide) in paragraph at lines 33--33
[][]  
 []


./GV.tex:42: LaTeX Error: There's no line here to end.

See the LaTeX manual or LaTeX Companion for explanation.
Type  H <return>  for immediate help.
 ...                                              
                                                  
l.42 \footnotetext
                  [1]{This investigation has been made possible by the parti...

? 

Underfull \hbox (badness 2035) in paragraph at lines 42--42
$[]$ []\OT1/cmr/m/n/8 This in-ves-ti-ga-tion has been made pos-si-ble by the pa
r-
 []


Underfull \hbox (badness 1448) in paragraph at lines 42--42
\OT1/cmr/m/n/8 tic-i-pa-tion of more than 250,000 users in the Galaxy Zoo
 []

<mosaic_disc_fraction.pdf, id=1, 722.7pt x 289.08pt>
File: mosaic_disc_fraction.pdf Graphic file (type pdf)

<use mosaic_disc_fraction.pdf>
Package pdftex.def Info: mosaic_disc_fraction.pdf used on input line 49.
(pdftex.def)             Requested size: 504.0pt x 201.60033pt.

Underfull \vbox (badness 10000) has occurred while \output is active []

LaTeX Font Info:    Try loading font information for OMS+cmr on input line 55.

(/usr/local/texlive/2013/texmf-dist/tex/latex/base/omscmr.fd
File: omscmr.fd 1999/05/25 v2.5h Standard LaTeX font definitions
)
LaTeX Font Info:    Font shape `OMS/cmr/m/n' in size <8> not available
(Font)              Font shape `OMS/cmsy/m/n' tried instead on input line 55.
 [1{/usr/local/texlive/2013/texmf-var/fonts/map/pdftex/updmap/pdftex.map}


]
Underfull \vbox (badness 10000) has occurred while \output is active []

 [2 <./mosaic_disc_fraction.pdf>] <col_mag_with_GV.pdf, id=91, 578.16pt x 433.6
2pt>
File: col_mag_with_GV.pdf Graphic file (type pdf)

<use col_mag_with_GV.pdf>
Package pdftex.def Info: col_mag_with_GV.pdf used on input line 109.
(pdftex.def)             Requested size: 226.79846pt x 170.09697pt.
 [3 <./col_mag_with_GV.pdf>]
<colours.pdf, id=197, 469.755pt x 1011.78pt>
File: colours.pdf Graphic file (type pdf)
 <use colours.pdf>
Package pdftex.def Info: colours.pdf used on input line 149.
(pdftex.def)             Requested size: 221.76123pt x 477.6363pt.
 [4 <./colours.pdf>]
LaTeX Font Info:    Font shape `OMS/cmr/m/n' in size <9> not available
(Font)              Font shape `OMS/cmsy/m/n' tried instead on input line 163.

Underfull \vbox (badness 10000) has occurred while \output is active []


<triangle_t_tau_red_s_1237655504035185152_40000_14_16_06_08_14.pdf, id=1058, 45
1.6875pt x 451.6875pt>
File: triangle_t_tau_red_s_1237655504035185152_40000_14_16_06_08_14.pdf Graphic
 file (type pdf)

<use triangle_t_tau_red_s_1237655504035185152_40000_14_16_06_08_14.pdf>
Package pdftex.def Info: triangle_t_tau_red_s_1237655504035185152_40000_14_16_0
6_08_14.pdf used on input line 172.
(pdftex.def)             Requested size: 252.0pt x 252.00594pt.

Overfull \hbox (12.0pt too wide) in paragraph at lines 172--173
 [][] 
 []

<sfr_mass_subsets.pdf, id=1059, 939.51pt x 650.43pt>
File: sfr_mass_subsets.pdf Graphic file (type pdf)

<use sfr_mass_subsets.pdf>
Package pdftex.def Info: sfr_mass_subsets.pdf used on input line 181.
(pdftex.def)             Requested size: 453.59692pt x 314.029pt.
 [5 <./triangle_t_tau_red_s_1237655504035185152_40000_14_16_06_08_14.pdf>]
Underfull \hbox (badness 10000) in paragraph at lines 191--192
[]\OT1/cmr/m/n/9 We have as-sumed that $\OML/cmm/m/it/9 P\OT1/cmr/m/n/9 (\OML/c
mm/m/it/9 d[]\OMS/cmsy/m/n/9 j\OML/cmm/m/it/9 ^^R[]; t[]\OT1/cmr/m/n/9 )$ and
 []


Underfull \hbox (badness 3746) in paragraph at lines 191--192
\OML/cmm/m/it/9 P\OT1/cmr/m/n/9 (\OML/cmm/m/it/9 d[]\OMS/cmsy/m/n/9 j\OML/cmm/m
/it/9 ^^R[]; t[]\OT1/cmr/m/n/9 )$ are in-de-pen-dent of each other and
 []

<sfr_mass_colour_diagram.pdf, id=1433, 1228.59pt x 433.62pt>
File: sfr_mass_colour_diagram.pdf Graphic file (type pdf)

<use sfr_mass_colour_diagram.pdf>
Package pdftex.def Info: sfr_mass_colour_diagram.pdf used on input line 206.
(pdftex.def)             Requested size: 504.0pt x 177.8846pt.

Underfull \vbox (badness 10000) has occurred while \output is active []

 [6 <./sfr_mass_subsets.pdf>]

LaTeX Warning: Reference `lookup' on page 7 undefined on input line 216.

<red_smooth.pdf, id=1720, 451.6875pt x 451.6875pt>
File: red_smooth.pdf Graphic file (type pdf)
 <use red_smooth.pdf>
Package pdftex.def Info: red_smooth.pdf used on input line 232.
(pdftex.def)             Requested size: 250.73877pt x 250.74466pt.

<red_disc.pdf, id=1721, 451.6875pt x 451.6875pt>
File: red_disc.pdf Graphic file (type pdf)
 <use red_disc.pdf>
Package pdftex.def Info: red_disc.pdf used on input line 233.
(pdftex.def)             Requested size: 250.73877pt x 250.74466pt.
 [7 <./sfr_mass_colour_diagram.pdf>]
Underfull \vbox (badness 10000) has occurred while \output is active []

 [8 <./red_smooth.pdf> <./red_disc.pdf

pdfTeX warning: /usr/texbin/pdflatex (file ./red_disc.pdf): PDF inclusion: mult
iple pdfs with page group included in a single page
>] <green_smooth.pdf, id=2451, 451.6875pt x 451.6875pt>
File: green_smooth.pdf Graphic file (type pdf)
 <use green_smooth.pdf>
Package pdftex.def Info: green_smooth.pdf used on input line 282.
(pdftex.def)             Requested size: 250.73877pt x 250.74466pt.

<green_disc.pdf, id=2452, 451.6875pt x 451.6875pt>
File: green_disc.pdf Graphic file (type pdf)
 <use green_disc.pdf>
Package pdftex.def Info: green_disc.pdf used on input line 283.
(pdftex.def)             Requested size: 250.73877pt x 250.74466pt.

[9] <blue_smooth.pdf, id=2456, 451.6875pt x 451.6875pt>
File: blue_smooth.pdf Graphic file (type pdf)
 <use blue_smooth.pdf>
Package pdftex.def Info: blue_smooth.pdf used on input line 313.
(pdftex.def)             Requested size: 250.73877pt x 250.74466pt.

<blue_disc.pdf, id=2457, 451.6875pt x 451.6875pt>
File: blue_disc.pdf Graphic file (type pdf)
 <use blue_disc.pdf>
Package pdftex.def Info: blue_disc.pdf used on input line 314.
(pdftex.def)             Requested size: 250.73877pt x 250.74466pt.

Underfull \vbox (badness 10000) has occurred while \output is active []

 [10 <./green_smooth.pdf> <./green_disc.pdf

pdfTeX warning: /usr/texbin/pdflatex (file ./green_disc.pdf): PDF inclusion: mu
ltiple pdfs with page group included in a single page
>]
Underfull \hbox (badness 10000) in paragraph at lines 344--345
[]\OT1/cmr/m/n/9 We spec-u-late that the in-ter-me-di-ate quench-ing
 []


Underfull \vbox (badness 10000) has occurred while \output is active []

 [11 <./blue_smooth.pdf> <./blue_disc.pdf

pdfTeX warning: /usr/texbin/pdflatex (file ./blue_disc.pdf): PDF inclusion: mul
tiple pdfs with page group included in a single page
>]
Underfull \vbox (badness 10000) has occurred while \output is active []

 [12]
Underfull \hbox (badness 10000) in paragraph at lines 391--392
[]\OT1/cmr/m/n/9 Intermediate quench-ing timescales
 []


Underfull \vbox (badness 10000) has occurred while \output is active []

 [13]

LaTeX Warning: Reference `Taylor05' on page 14 undefined on input line 410.

[14] [15

] (./GV.aux)

LaTeX Warning: There were undefined references.


LaTeX Warning: There were multiply-defined labels.

 ) 
Here is how much of TeX's memory you used:
 3311 strings out of 493315
 43955 string characters out of 6137904
 118398 words of memory out of 5000000
 6694 multiletter control sequences out of 15000+600000
 18726 words of font info for 67 fonts, out of 8000000 for 9000
 957 hyphenation exceptions out of 8191
 38i,14n,34p,2033b,444s stack positions out of 5000i,500n,10000p,200000b,80000s
</usr/local/texlive/2013/texmf-dist/fonts/type1/public/amsfonts/cm/cmbx12.pfb
></usr/local/texlive/2013/texmf-dist/fonts/type1/public/amsfonts/cm/cmbx8.pfb><
/usr/local/texlive/2013/texmf-dist/fonts/type1/public/amsfonts/cm/cmbx9.pfb></u
sr/local/texlive/2013/texmf-dist/fonts/type1/public/amsfonts/cm/cmcsc10.pfb></u
sr/local/texlive/2013/texmf-dist/fonts/type1/public/amsfonts/cmextra/cmex9.pfb>
</usr/local/texlive/2013/texmf-dist/fonts/type1/public/amsfonts/cm/cmmi10.pfb><
/usr/local/texlive/2013/texmf-dist/fonts/type1/public/amsfonts/cm/cmmi5.pfb></u
sr/local/texlive/2013/texmf-dist/fonts/type1/public/amsfonts/cm/cmmi6.pfb></usr
/local/texlive/2013/texmf-dist/fonts/type1/public/amsfonts/cm/cmmi7.pfb></usr/l
ocal/texlive/2013/texmf-dist/fonts/type1/public/amsfonts/cm/cmmi8.pfb></usr/loc
al/texlive/2013/texmf-dist/fonts/type1/public/amsfonts/cm/cmmi9.pfb></usr/local
/texlive/2013/texmf-dist/fonts/type1/public/amsfonts/cm/cmr10.pfb></usr/local/t
exlive/2013/texmf-dist/fonts/type1/public/amsfonts/cm/cmr12.pfb></usr/local/tex
live/2013/texmf-dist/fonts/type1/public/amsfonts/cm/cmr6.pfb></usr/local/texliv
e/2013/texmf-dist/fonts/type1/public/amsfonts/cm/cmr8.pfb></usr/local/texlive/2
013/texmf-dist/fonts/type1/public/amsfonts/cm/cmr9.pfb></usr/local/texlive/2013
/texmf-dist/fonts/type1/public/amsfonts/cm/cmsy6.pfb></usr/local/texlive/2013/t
exmf-dist/fonts/type1/public/amsfonts/cm/cmsy8.pfb></usr/local/texlive/2013/tex
mf-dist/fonts/type1/public/amsfonts/cm/cmsy9.pfb></usr/local/texlive/2013/texmf
-dist/fonts/type1/public/amsfonts/cm/cmti12.pfb></usr/local/texlive/2013/texmf-
dist/fonts/type1/public/amsfonts/cm/cmti8.pfb></usr/local/texlive/2013/texmf-di
st/fonts/type1/public/amsfonts/cm/cmti9.pfb></usr/local/texlive/2013/texmf-dist
/fonts/type1/public/amsfonts/cm/cmtt8.pfb></usr/local/texlive/2013/texmf-dist/f
onts/type1/public/amsfonts/cm/cmtt9.pfb></usr/local/texlive/2013/texmf-dist/fon
ts/type1/public/amsfonts/symbols/msam10.pfb>
Output written on GV.pdf (15 pages, 3137881 bytes).
PDF statistics:
 3343 PDF objects out of 3580 (max. 8388607)
 319 compressed objects within 4 object streams
 0 named destinations out of 1000 (max. 500000)
 61 words of extra memory for PDF output out of 10000 (max. 10000000)

